2025-04-18 08:58:57 [main] INFO  c.e.t.TrainingDataServiceApplication - Starting TrainingDataServiceApplication using Java 22.0.2 with PID 22400 (D:\fingerprint_project\fingerprint-recognition\microservice_2\training-data-service\target\classes started by DUC in D:\fingerprint_project\fingerprint-recognition\microservice_2\training-data-service)
2025-04-18 08:58:57 [main] INFO  c.e.t.TrainingDataServiceApplication - No active profile set, falling back to 1 default profile: "default"
2025-04-18 08:58:59 [main] INFO  o.s.d.r.c.RepositoryConfigurationDelegate - Bootstrapping Spring Data JPA repositories in DEFAULT mode.
2025-04-18 08:58:59 [main] INFO  o.s.d.r.c.RepositoryConfigurationDelegate - Finished Spring Data repository scanning in 64 ms. Found 3 JPA repository interfaces.
2025-04-18 08:58:59 [main] INFO  o.s.cloud.context.scope.GenericScope - BeanFactory id=63748fbd-17d0-3d8c-9f98-787eb7a06b1c
2025-04-18 08:59:00 [main] INFO  o.s.b.w.e.tomcat.TomcatWebServer - Tomcat initialized with port 8185 (http)
2025-04-18 08:59:00 [main] INFO  o.a.catalina.core.StandardService - Starting service [Tomcat]
2025-04-18 08:59:00 [main] INFO  o.a.catalina.core.StandardEngine - Starting Servlet engine: [Apache Tomcat/10.1.19]
2025-04-18 08:59:00 [main] INFO  o.a.c.c.C.[Tomcat].[localhost].[/] - Initializing Spring embedded WebApplicationContext
2025-04-18 08:59:00 [main] INFO  o.s.b.w.s.c.ServletWebServerApplicationContext - Root WebApplicationContext: initialization completed in 2589 ms
2025-04-18 08:59:00 [main] INFO  o.h.jpa.internal.util.LogHelper - HHH000204: Processing PersistenceUnitInfo [name: default]
2025-04-18 08:59:00 [main] INFO  org.hibernate.Version - HHH000412: Hibernate ORM core version 6.4.4.Final
2025-04-18 08:59:01 [main] INFO  o.h.c.i.RegionFactoryInitiator - HHH000026: Second-level cache disabled
2025-04-18 08:59:01 [main] INFO  o.s.o.j.p.SpringPersistenceUnitInfo - No LoadTimeWeaver setup: ignoring JPA class transformer
2025-04-18 08:59:01 [main] INFO  com.zaxxer.hikari.HikariDataSource - HikariPool-1 - Starting...
2025-04-18 08:59:01 [main] INFO  com.zaxxer.hikari.pool.HikariPool - HikariPool-1 - Added connection com.mysql.cj.jdbc.ConnectionImpl@3ce7a354
2025-04-18 08:59:01 [main] INFO  com.zaxxer.hikari.HikariDataSource - HikariPool-1 - Start completed.
2025-04-18 08:59:01 [main] WARN  org.hibernate.orm.deprecation - HHH90000025: MySQL8Dialect does not need to be specified explicitly using 'hibernate.dialect' (remove the property setting and it will be selected by default)
2025-04-18 08:59:01 [main] WARN  org.hibernate.orm.deprecation - HHH90000026: MySQL8Dialect has been deprecated; use org.hibernate.dialect.MySQLDialect instead
2025-04-18 08:59:02 [main] INFO  o.h.e.t.j.p.i.JtaPlatformInitiator - HHH000489: No JTA platform available (set 'hibernate.transaction.jta.platform' to enable JTA platform integration)
2025-04-18 08:59:03 [main] INFO  o.s.o.j.LocalContainerEntityManagerFactoryBean - Initialized JPA EntityManagerFactory for persistence unit 'default'
2025-04-18 08:59:03 [main] WARN  o.s.b.a.o.j.JpaBaseConfiguration$JpaWebConfiguration - spring.jpa.open-in-view is enabled by default. Therefore, database queries may be performed during view rendering. Explicitly configure spring.jpa.open-in-view to disable this warning
2025-04-18 08:59:05 [main] INFO  o.s.b.a.e.web.EndpointLinksResolver - Exposing 3 endpoint(s) beneath base path '/actuator'
2025-04-18 08:59:05 [main] INFO  o.s.b.w.e.tomcat.TomcatWebServer - Tomcat started on port 8185 (http) with context path ''
2025-04-18 08:59:05 [main] INFO  c.e.t.TrainingDataServiceApplication - Started TrainingDataServiceApplication in 8.454 seconds (process running for 8.793)
