2025-04-18 08:56:47 [main] INFO  c.e.apigateway.ApiGatewayApplication - Starting ApiGatewayApplication using Java 22.0.2 with PID 18120 (D:\fingerprint_project\fingerprint-recognition\microservice_2\api-gateway\target\classes started by DUC in D:\fingerprint_project\fingerprint-recognition\microservice_2\api-gateway)
2025-04-18 08:56:47 [main] INFO  c.e.apigateway.ApiGatewayApplication - No active profile set, falling back to 1 default profile: "default"
2025-04-18 08:56:48 [main] INFO  o.s.cloud.context.scope.GenericScope - BeanFactory id=7e7e0fe7-44de-3744-9cce-5f83dba11b10
2025-04-18 08:56:49 [main] DEBUG o.s.c.g.config.GatewayProperties - Routes supplied from Gateway Properties: [RouteDefinition{id='access-control-service', predicates=[PredicateDefinition{name='Path', args={_genkey_0=/api/access/**}}], filters=[FilterDefinition{name='RewritePath', args={_genkey_0=/api/access/(?<segment>.*), _genkey_1=/api/${segment}}}], uri=http://localhost:8081, order=0, metadata={}}, RouteDefinition{id='user-management-service', predicates=[PredicateDefinition{name='Path', args={_genkey_0=/api/users/**}}], filters=[FilterDefinition{name='RewritePath', args={_genkey_0=/api/users/(?<segment>.*), _genkey_1=/api/${segment}}}], uri=http://localhost:8182, order=0, metadata={}}, RouteDefinition{id='biometrics-service', predicates=[PredicateDefinition{name='Path', args={_genkey_0=/api/biometrics/**}}], filters=[FilterDefinition{name='RewritePath', args={_genkey_0=/api/biometrics/(?<segment>.*), _genkey_1=/api/${segment}}}], uri=http://localhost:8083, order=0, metadata={}}, RouteDefinition{id='model-management-service', predicates=[PredicateDefinition{name='Path', args={_genkey_0=/api/models/**}}], filters=[FilterDefinition{name='RewritePath', args={_genkey_0=/api/models/(?<segment>.*), _genkey_1=/api/${segment}}}], uri=http://localhost:8084, order=0, metadata={}}, RouteDefinition{id='training-data-service', predicates=[PredicateDefinition{name='Path', args={_genkey_0=/api/training/**}}], filters=[FilterDefinition{name='RewritePath', args={_genkey_0=/api/training/(?<segment>.*), _genkey_1=/api/${segment}}}], uri=http://localhost:8185, order=0, metadata={}}]
2025-04-18 08:56:49 [main] INFO  o.s.c.g.r.RouteDefinitionRouteLocator - Loaded RoutePredicateFactory [After]
2025-04-18 08:56:49 [main] INFO  o.s.c.g.r.RouteDefinitionRouteLocator - Loaded RoutePredicateFactory [Before]
2025-04-18 08:56:49 [main] INFO  o.s.c.g.r.RouteDefinitionRouteLocator - Loaded RoutePredicateFactory [Between]
2025-04-18 08:56:49 [main] INFO  o.s.c.g.r.RouteDefinitionRouteLocator - Loaded RoutePredicateFactory [Cookie]
2025-04-18 08:56:49 [main] INFO  o.s.c.g.r.RouteDefinitionRouteLocator - Loaded RoutePredicateFactory [Header]
2025-04-18 08:56:49 [main] INFO  o.s.c.g.r.RouteDefinitionRouteLocator - Loaded RoutePredicateFactory [Host]
2025-04-18 08:56:49 [main] INFO  o.s.c.g.r.RouteDefinitionRouteLocator - Loaded RoutePredicateFactory [Method]
2025-04-18 08:56:49 [main] INFO  o.s.c.g.r.RouteDefinitionRouteLocator - Loaded RoutePredicateFactory [Path]
2025-04-18 08:56:49 [main] INFO  o.s.c.g.r.RouteDefinitionRouteLocator - Loaded RoutePredicateFactory [Query]
2025-04-18 08:56:49 [main] INFO  o.s.c.g.r.RouteDefinitionRouteLocator - Loaded RoutePredicateFactory [ReadBody]
2025-04-18 08:56:49 [main] INFO  o.s.c.g.r.RouteDefinitionRouteLocator - Loaded RoutePredicateFactory [RemoteAddr]
2025-04-18 08:56:49 [main] INFO  o.s.c.g.r.RouteDefinitionRouteLocator - Loaded RoutePredicateFactory [XForwardedRemoteAddr]
2025-04-18 08:56:49 [main] INFO  o.s.c.g.r.RouteDefinitionRouteLocator - Loaded RoutePredicateFactory [Weight]
2025-04-18 08:56:49 [main] INFO  o.s.c.g.r.RouteDefinitionRouteLocator - Loaded RoutePredicateFactory [CloudFoundryRouteService]
2025-04-18 08:56:49 [main] DEBUG o.s.w.r.h.SimpleUrlHandlerMapping - Patterns [/webjars/**, /**] in 'resourceHandlerMapping'
2025-04-18 08:56:50 [main] INFO  o.s.b.a.e.web.EndpointLinksResolver - Exposing 27 endpoint(s) beneath base path '/actuator'
2025-04-18 08:56:50 [main] DEBUG o.s.w.r.r.m.a.ControllerMethodResolver - ControllerAdvice beans: none
2025-04-18 08:56:50 [main] DEBUG o.s.w.s.a.HttpWebHandlerAdapter - enableLoggingRequestDetails='false': form data and headers will be masked to prevent unsafe logging of potentially sensitive data
2025-04-18 08:56:50 [main] INFO  o.s.b.w.e.netty.NettyWebServer - Netty started on port 9090
2025-04-18 08:56:50 [main] DEBUG o.s.c.g.r.RouteDefinitionRouteLocator - RouteDefinition access-control-service applying {_genkey_0=/api/access/**} to Path
2025-04-18 08:56:50 [main] DEBUG o.s.c.g.r.RouteDefinitionRouteLocator - RouteDefinition access-control-service applying filter {_genkey_0=/api/access/(?<segment>.*), _genkey_1=/api/${segment}} to RewritePath
2025-04-18 08:56:50 [main] DEBUG o.s.c.g.r.RouteDefinitionRouteLocator - RouteDefinition matched: access-control-service
2025-04-18 08:56:50 [main] DEBUG o.s.c.g.r.RouteDefinitionRouteLocator - RouteDefinition user-management-service applying {_genkey_0=/api/users/**} to Path
2025-04-18 08:56:50 [main] DEBUG o.s.c.g.r.RouteDefinitionRouteLocator - RouteDefinition user-management-service applying filter {_genkey_0=/api/users/(?<segment>.*), _genkey_1=/api/${segment}} to RewritePath
2025-04-18 08:56:50 [main] DEBUG o.s.c.g.r.RouteDefinitionRouteLocator - RouteDefinition matched: user-management-service
2025-04-18 08:56:50 [main] DEBUG o.s.c.g.r.RouteDefinitionRouteLocator - RouteDefinition biometrics-service applying {_genkey_0=/api/biometrics/**} to Path
2025-04-18 08:56:50 [main] DEBUG o.s.c.g.r.RouteDefinitionRouteLocator - RouteDefinition biometrics-service applying filter {_genkey_0=/api/biometrics/(?<segment>.*), _genkey_1=/api/${segment}} to RewritePath
2025-04-18 08:56:50 [main] DEBUG o.s.c.g.r.RouteDefinitionRouteLocator - RouteDefinition matched: biometrics-service
2025-04-18 08:56:50 [main] DEBUG o.s.c.g.r.RouteDefinitionRouteLocator - RouteDefinition model-management-service applying {_genkey_0=/api/models/**} to Path
2025-04-18 08:56:50 [main] DEBUG o.s.c.g.r.RouteDefinitionRouteLocator - RouteDefinition model-management-service applying filter {_genkey_0=/api/models/(?<segment>.*), _genkey_1=/api/${segment}} to RewritePath
2025-04-18 08:56:50 [main] DEBUG o.s.c.g.r.RouteDefinitionRouteLocator - RouteDefinition matched: model-management-service
2025-04-18 08:56:50 [main] DEBUG o.s.c.g.r.RouteDefinitionRouteLocator - RouteDefinition training-data-service applying {_genkey_0=/api/training/**} to Path
2025-04-18 08:56:50 [main] DEBUG o.s.c.g.r.RouteDefinitionRouteLocator - RouteDefinition training-data-service applying filter {_genkey_0=/api/training/(?<segment>.*), _genkey_1=/api/${segment}} to RewritePath
2025-04-18 08:56:50 [main] DEBUG o.s.c.g.r.RouteDefinitionRouteLocator - RouteDefinition matched: training-data-service
2025-04-18 08:56:50 [main] DEBUG o.s.c.g.filter.GatewayMetricsFilter - New routes count: 5
2025-04-18 08:56:50 [main] INFO  c.e.apigateway.ApiGatewayApplication - Started ApiGatewayApplication in 3.597 seconds (process running for 3.988)
