2025-04-18 08:59:17 [main] INFO  c.e.u.UserServiceApplication - Starting UserServiceApplication using Java 22.0.2 with PID 20560 (D:\fingerprint_project\fingerprint-recognition\microservice_2\user-management-service\target\classes started by DUC in D:\fingerprint_project\fingerprint-recognition\microservice_2\user-management-service)
2025-04-18 08:59:17 [main] INFO  c.e.u.UserServiceApplication - No active profile set, falling back to 1 default profile: "default"
2025-04-18 08:59:18 [main] INFO  o.s.d.r.c.RepositoryConfigurationDelegate - Bootstrapping Spring Data JPA repositories in DEFAULT mode.
2025-04-18 08:59:18 [main] INFO  o.s.d.r.c.RepositoryConfigurationDelegate - Finished Spring Data repository scanning in 59 ms. Found 3 JPA repository interfaces.
2025-04-18 08:59:19 [main] INFO  o.s.cloud.context.scope.GenericScope - BeanFactory id=7e982cdf-b2ae-305f-ab88-aeb9a36d5c13
2025-04-18 08:59:20 [main] INFO  o.s.b.w.e.tomcat.TomcatWebServer - Tomcat initialized with port 8182 (http)
2025-04-18 08:59:20 [main] INFO  o.a.catalina.core.StandardService - Starting service [Tomcat]
2025-04-18 08:59:20 [main] INFO  o.a.catalina.core.StandardEngine - Starting Servlet engine: [Apache Tomcat/10.1.19]
2025-04-18 08:59:20 [main] INFO  o.a.c.c.C.[Tomcat].[localhost].[/] - Initializing Spring embedded WebApplicationContext
2025-04-18 08:59:20 [main] INFO  o.s.b.w.s.c.ServletWebServerApplicationContext - Root WebApplicationContext: initialization completed in 2642 ms
2025-04-18 08:59:20 [main] INFO  o.h.jpa.internal.util.LogHelper - HHH000204: Processing PersistenceUnitInfo [name: default]
2025-04-18 08:59:21 [main] INFO  org.hibernate.Version - HHH000412: Hibernate ORM core version 6.4.4.Final
2025-04-18 08:59:21 [main] INFO  o.h.c.i.RegionFactoryInitiator - HHH000026: Second-level cache disabled
2025-04-18 08:59:21 [main] INFO  o.s.o.j.p.SpringPersistenceUnitInfo - No LoadTimeWeaver setup: ignoring JPA class transformer
2025-04-18 08:59:21 [main] INFO  com.zaxxer.hikari.HikariDataSource - HikariPool-1 - Starting...
2025-04-18 08:59:21 [main] INFO  com.zaxxer.hikari.pool.HikariPool - HikariPool-1 - Added connection com.mysql.cj.jdbc.ConnectionImpl@7f792530
2025-04-18 08:59:21 [main] INFO  com.zaxxer.hikari.HikariDataSource - HikariPool-1 - Start completed.
2025-04-18 08:59:21 [main] WARN  org.hibernate.orm.deprecation - HHH90000025: MySQL8Dialect does not need to be specified explicitly using 'hibernate.dialect' (remove the property setting and it will be selected by default)
2025-04-18 08:59:21 [main] WARN  org.hibernate.orm.deprecation - HHH90000026: MySQL8Dialect has been deprecated; use org.hibernate.dialect.MySQLDialect instead
2025-04-18 08:59:22 [main] INFO  o.h.e.t.j.p.i.JtaPlatformInitiator - HHH000489: No JTA platform available (set 'hibernate.transaction.jta.platform' to enable JTA platform integration)
2025-04-18 08:59:22 [main] INFO  o.s.o.j.LocalContainerEntityManagerFactoryBean - Initialized JPA EntityManagerFactory for persistence unit 'default'
2025-04-18 08:59:23 [main] WARN  o.s.b.a.o.j.JpaBaseConfiguration$JpaWebConfiguration - spring.jpa.open-in-view is enabled by default. Therefore, database queries may be performed during view rendering. Explicitly configure spring.jpa.open-in-view to disable this warning
2025-04-18 08:59:24 [main] INFO  o.s.b.a.e.web.EndpointLinksResolver - Exposing 3 endpoint(s) beneath base path '/actuator'
2025-04-18 08:59:24 [main] INFO  o.s.s.web.DefaultSecurityFilterChain - Will secure any request with [org.springframework.security.web.session.DisableEncodeUrlFilter@53e1cd6b, org.springframework.security.web.context.request.async.WebAsyncManagerIntegrationFilter@7ceb432c, org.springframework.security.web.context.SecurityContextHolderFilter@ba76911, org.springframework.security.web.header.HeaderWriterFilter@1c7159d5, org.springframework.web.filter.CorsFilter@4f143176, org.springframework.security.web.authentication.logout.LogoutFilter@5f05cd7e, org.springframework.security.web.savedrequest.RequestCacheAwareFilter@95f61c2, org.springframework.security.web.servletapi.SecurityContextHolderAwareRequestFilter@233d40da, org.springframework.security.web.authentication.AnonymousAuthenticationFilter@12568b11, org.springframework.security.web.access.ExceptionTranslationFilter@526fbb80, org.springframework.security.web.access.intercept.AuthorizationFilter@1000303a]
2025-04-18 08:59:25 [main] INFO  o.s.b.w.e.tomcat.TomcatWebServer - Tomcat started on port 8182 (http) with context path ''
2025-04-18 08:59:25 [main] INFO  c.e.u.UserServiceApplication - Started UserServiceApplication in 8.595 seconds (process running for 9.05)
